\BOOKMARK [1][]{section*.1}{Abstract}{}% 1
\BOOKMARK [1][]{section*.2}{Kurzfassung}{}% 2
\BOOKMARK [-1][]{part.4}{I Einf\374hrung}{}% 3
\BOOKMARK [0][]{section.5}{1 Einleitung}{part.4}% 4
\BOOKMARK [1][]{section.6}{2 Aufgabestellung}{section.5}% 5
\BOOKMARK [2][]{subsection.7}{2.1 Problemaufspaltung}{section.6}% 6
\BOOKMARK [1][]{section.8}{3 Eisverhinderung}{section.5}% 7
\BOOKMARK [2][]{subsection.9}{3.1 Verhinderung durch Oberfl\344chenstruktur}{section.8}% 8
\BOOKMARK [2][]{subsection.10}{3.2 Mechanische Eisabl\366sung}{section.8}% 9
\BOOKMARK [2][]{subsection.11}{3.3 Elektrische Beheizung}{section.8}% 10
\BOOKMARK [3][]{subsubsection.12}{3.3.1 CNT-Farbe}{subsection.11}% 11
\BOOKMARK [3][]{subsubsection.13}{3.3.2 Textile Heizelemente}{subsection.11}% 12
\BOOKMARK [2][]{subsection.14}{3.4 Beheizen durch Abw\344rme}{section.8}% 13
\BOOKMARK [1][]{section.15}{4 Detektion}{section.5}% 14
\BOOKMARK [2][]{subsection.16}{4.1 Sensoren zur Eisdetektion}{section.15}% 15
\BOOKMARK [2][]{subsection.17}{4.2 Detektion von Vereisungsbedingungen}{section.15}% 16
\BOOKMARK [1][]{section.18}{5 Energie\374bertragung}{section.5}% 17
\BOOKMARK [-1][]{part.19}{II Beschrieb der Komponenten}{}% 18
\BOOKMARK [0][]{section.20}{6 Heckrotorpr\374fstand}{part.19}% 19
\BOOKMARK [1][]{section.22}{7 Prototyp}{section.20}% 20
\BOOKMARK [2][]{subsection.27}{7.1 Leistungsendstufe}{section.22}% 21
\BOOKMARK [2][]{subsection.29}{7.2 Software}{section.22}% 22
\BOOKMARK [1][]{section.32}{8 Versuch zur Ermittlung der thermischen Energie}{section.20}% 23
\BOOKMARK [1][]{section.33}{9 Versuch zur Eisbildung}{section.20}% 24
\BOOKMARK [2][]{subsection.34}{9.1 Versuchsaufbau}{section.33}% 25
\BOOKMARK [2][]{subsection.35}{9.2 Resultat}{section.33}% 26
\BOOKMARK [0][]{subsection.35}{Literaturverzeichnis}{part.19}% 27
\BOOKMARK [0][]{section*.36}{Abbildungsverzeichnis}{part.19}% 28
\BOOKMARK [0][]{section*.37}{Tabellenverzeichnis}{part.19}% 29
